<?xml version="1.0" encoding="UTF-8"?>
<testng-results ignored="0" total="3" passed="3" failed="0" skipped="0">
  <reporter-output>
  </reporter-output>
  <suite started-at="2024-03-29T02:10:31 VET" name="Default suite" finished-at="2024-03-29T02:10:56 VET" duration-ms="24812">
    <groups>
    </groups>
    <test started-at="2024-03-29T02:10:31 VET" name="Default test" finished-at="2024-03-29T02:10:56 VET" duration-ms="24812">
      <class name="ecommercepackage.MobileListPage">
        <test-method is-config="true" signature="beforeClass()[pri:0, instance:ecommercepackage.MobileListPage@42e99e4a]" started-at="2024-03-29T02:10:31 VET" name="beforeClass" finished-at="2024-03-29T02:10:36 VET" duration-ms="4637" status="PASS">
          <reporter-output>
          </reporter-output>
        </test-method> <!-- beforeClass -->
        <test-method signature="testAddMoreProductThanAvailable()[pri:0, instance:ecommercepackage.MobileListPage@42e99e4a]" started-at="2024-03-29T02:10:36 VET" name="testAddMoreProductThanAvailable" finished-at="2024-03-29T02:10:40 VET" duration-ms="4055" status="PASS">
          <reporter-output>
          </reporter-output>
        </test-method> <!-- testAddMoreProductThanAvailable -->
        <test-method is-config="true" signature="afterClass()[pri:0, instance:ecommercepackage.MobileListPage@42e99e4a]" started-at="2024-03-29T02:10:40 VET" name="afterClass" finished-at="2024-03-29T02:10:41 VET" duration-ms="927" status="PASS">
          <reporter-output>
          </reporter-output>
        </test-method> <!-- afterClass -->
        <test-method is-config="true" signature="beforeClass()[pri:0, instance:ecommercepackage.MobileListPage@42e99e4a]" started-at="2024-03-29T02:10:41 VET" name="beforeClass" finished-at="2024-03-29T02:10:45 VET" duration-ms="4232" status="PASS">
          <reporter-output>
          </reporter-output>
        </test-method> <!-- beforeClass -->
        <test-method signature="testCostProductAreEqual()[pri:0, instance:ecommercepackage.MobileListPage@42e99e4a]" started-at="2024-03-29T02:10:45 VET" name="testCostProductAreEqual" finished-at="2024-03-29T02:10:48 VET" duration-ms="2623" status="PASS">
          <reporter-output>
          </reporter-output>
        </test-method> <!-- testCostProductAreEqual -->
        <test-method is-config="true" signature="afterClass()[pri:0, instance:ecommercepackage.MobileListPage@42e99e4a]" started-at="2024-03-29T02:10:48 VET" name="afterClass" finished-at="2024-03-29T02:10:49 VET" duration-ms="843" status="PASS">
          <reporter-output>
          </reporter-output>
        </test-method> <!-- afterClass -->
        <test-method is-config="true" signature="beforeClass()[pri:0, instance:ecommercepackage.MobileListPage@42e99e4a]" started-at="2024-03-29T02:10:49 VET" name="beforeClass" finished-at="2024-03-29T02:10:53 VET" duration-ms="4789" status="PASS">
          <reporter-output>
          </reporter-output>
        </test-method> <!-- beforeClass -->
        <test-method signature="testSortedMobileListPageByName()[pri:0, instance:ecommercepackage.MobileListPage@42e99e4a]" started-at="2024-03-29T02:10:53 VET" name="testSortedMobileListPageByName" finished-at="2024-03-29T02:10:55 VET" duration-ms="1845" status="PASS">
          <reporter-output>
          </reporter-output>
        </test-method> <!-- testSortedMobileListPageByName -->
        <test-method is-config="true" signature="afterClass()[pri:0, instance:ecommercepackage.MobileListPage@42e99e4a]" started-at="2024-03-29T02:10:55 VET" name="afterClass" finished-at="2024-03-29T02:10:56 VET" duration-ms="837" status="PASS">
          <reporter-output>
          </reporter-output>
        </test-method> <!-- afterClass -->
      </class> <!-- ecommercepackage.MobileListPage -->
    </test> <!-- Default test -->
  </suite> <!-- Default suite -->
</testng-results>
