<?xml version="1.0" encoding="UTF-8"?>
<!-- Generated by org.testng.reporters.JUnitXMLReporter -->
<testsuite ignored="0" hostname="DESKTOP-28GAF12" failures="0" tests="3" name="Default test" time="24.812" errors="0" timestamp="2024-03-29T02:10:56 VET">
  <testcase classname="ecommercepackage.MobileListPage" name="testAddMoreProductThanAvailable" time="4.055"/>
  <testcase classname="ecommercepackage.MobileListPage" name="testCostProductAreEqual" time="2.623"/>
  <testcase classname="ecommercepackage.MobileListPage" name="testSortedMobileListPageByName" time="1.845"/>
</testsuite> <!-- Default test -->
